<?xml version="1.0" encoding="UTF-8"?>
<!-- Generated by org.testng.reporters.JUnitXMLReporter -->
<testsuite ignored="1" hostname="DESKTOP-SI05A67" failures="0" tests="4" name="Default test" time="16.175" errors="0" timestamp="2024-06-15T22:57:53 IST">
  <testcase classname="com.web.automation.testcases.RegisterPageTestCases" name="navigateToCustomerRegisterPage" time="0.45"/>
  <testcase classname="com.web.automation.testcases.RegisterPageTestCases" name="invalidRegisterAccount" time="1.205"/>
  <testcase classname="com.web.automation.testcases.RegisterPageTestCases" name="registerWithAlreadyRegisteredEmail" time="1.917"/>
  <testcase classname="com.web.automation.testcases.RegisterPageTestCases" name="registerWithAlreadyRegisteredEmail" time="1.745"/>
  <testcase classname="com.web.automation.testcases.RegisterPageTestCases" name="registerAnAccount" time="0.0">
    <ignored/>
  </testcase> <!-- registerAnAccount -->
</testsuite> <!-- Default test -->
