<?xml version="1.0" encoding="UTF-8"?>
<!-- Generated by org.testng.reporters.JUnitXMLReporter -->
<testsuite ignored="0" hostname="DESKTOP-SI05A67" failures="2" tests="11" name="Test" time="46.697" errors="0" timestamp="2024-07-06T20:56:18 IST">
  <testcase classname="com.web.automation.testcases.LoginPageTestCases" name="navigateToCustomerLoginPage" time="0.509"/>
  <testcase classname="com.web.automation.testcases.LoginPageTestCases" name="loginWithValidCredentials" time="1.167"/>
  <testcase classname="com.web.automation.testcases.LoginPageTestCases" name="loginWithInValidCredentials" time="1.141"/>
  <testcase classname="com.web.automation.testcases.LoginPageTestCases" name="loginWithEmptyCredentials" time="1.452"/>
  <testcase classname="com.web.automation.testcases.LoginPageTestCases" name="forgotPasswordWithValidEmail" time="0.567"/>
  <testcase classname="com.web.automation.testcases.RegisterPageTestCases" name="navigateToCustomerRegisterPage" time="0.468"/>
  <testcase classname="com.web.automation.testcases.RegisterPageTestCases" name="registerAnAccount" time="1.555">
    <failure type="java.lang.AssertionError" message="account is not registered expected [Your Account Has Been Created!] but found [Register Account]">
      <![CDATA[java.lang.AssertionError: account is not registered expected [Your Account Has Been Created!] but found [Register Account]
at com.web.automation.testcases.RegisterPageTestCases.registerAnAccount(RegisterPageTestCases.java:47)
at java.base/java.util.ArrayList.forEach(ArrayList.java:1511)
... Removed 30 stack frames]]>
    </failure>
  </testcase> <!-- registerAnAccount -->
  <testcase classname="com.web.automation.testcases.RegisterPageTestCases" name="registerAnAccount" time="1.584">
    <failure type="java.lang.AssertionError" message="account is not registered expected [Your Account Has Been Created!] but found [Register Account]">
      <![CDATA[java.lang.AssertionError: account is not registered expected [Your Account Has Been Created!] but found [Register Account]
at com.web.automation.testcases.RegisterPageTestCases.registerAnAccount(RegisterPageTestCases.java:47)
at java.base/java.util.ArrayList.forEach(ArrayList.java:1511)
... Removed 30 stack frames]]>
    </failure>
  </testcase> <!-- registerAnAccount -->
  <testcase classname="com.web.automation.testcases.RegisterPageTestCases" name="invalidRegisterAccount" time="0.998"/>
  <testcase classname="com.web.automation.testcases.RegisterPageTestCases" name="registerWithAlreadyRegisteredEmail" time="1.568"/>
  <testcase classname="com.web.automation.testcases.RegisterPageTestCases" name="registerWithAlreadyRegisteredEmail" time="1.707"/>
</testsuite> <!-- Test -->
