<?xml version="1.0" encoding="UTF-8"?>
<testng-results ignored="0" total="11" passed="9" failed="2" skipped="0">
  <reporter-output>
  </reporter-output>
  <suite started-at="2024-07-28T10:37:04 IST" name="Suite" finished-at="2024-07-28T10:37:52 IST" duration-ms="48095">
    <groups>
    </groups>
    <test started-at="2024-07-28T10:37:04 IST" name="Test" finished-at="2024-07-28T10:37:52 IST" duration-ms="48095">
      <class name="com.web.automation.testcases.RegisterPageTestCases">
        <test-method is-config="true" signature="startBrowser()[pri:0, instance:com.web.automation.testcases.RegisterPageTestCases@43bc63a3]" started-at="2024-07-28T10:37:29 IST" name="startBrowser" finished-at="2024-07-28T10:37:31 IST" duration-ms="2046" status="PASS">
          <reporter-output>
          </reporter-output>
        </test-method> <!-- startBrowser -->
        <test-method signature="navigateToCustomerRegisterPage()[pri:1, instance:com.web.automation.testcases.RegisterPageTestCases@43bc63a3]" started-at="2024-07-28T10:37:31 IST" name="navigateToCustomerRegisterPage" finished-at="2024-07-28T10:37:32 IST" duration-ms="440" status="PASS">
          <reporter-output>
          </reporter-output>
        </test-method> <!-- navigateToCustomerRegisterPage -->
        <test-method is-config="true" signature="closeBrowser()[pri:0, instance:com.web.automation.testcases.RegisterPageTestCases@43bc63a3]" started-at="2024-07-28T10:37:32 IST" name="closeBrowser" finished-at="2024-07-28T10:37:32 IST" duration-ms="154" status="PASS">
          <reporter-output>
          </reporter-output>
        </test-method> <!-- closeBrowser -->
        <test-method is-config="true" signature="startBrowser()[pri:0, instance:com.web.automation.testcases.RegisterPageTestCases@43bc63a3]" started-at="2024-07-28T10:37:32 IST" name="startBrowser" finished-at="2024-07-28T10:37:34 IST" duration-ms="2099" status="PASS">
          <reporter-output>
          </reporter-output>
        </test-method> <!-- startBrowser -->
        <test-method signature="registerAnAccount(java.lang.String,java.lang.String,java.lang.String,java.lang.String,java.lang.String,java.lang.String,java.lang.String)[pri:2, instance:com.web.automation.testcases.RegisterPageTestCases@43bc63a3]" started-at="2024-07-28T10:37:34 IST" name="registerAnAccount" data-provider="Data" finished-at="2024-07-28T10:37:36 IST" duration-ms="1859" status="FAIL">
          <params>
            <param index="0">
              <value>
                <![CDATA[TesterVicky]]>
              </value>
            </param>
            <param index="1">
              <value>
                <![CDATA[M R]]>
              </value>
            </param>
            <param index="2">
              <value>
                <![CDATA[TesterVicky@gmail.com]]>
              </value>
            </param>
            <param index="3">
              <value>
                <![CDATA[9987654321]]>
              </value>
            </param>
            <param index="4">
              <value>
                <![CDATA[12345678]]>
              </value>
            </param>
            <param index="5">
              <value>
                <![CDATA[12345678]]>
              </value>
            </param>
            <param index="6">
              <value>
                <![CDATA[yes]]>
              </value>
            </param>
          </params>
          <exception class="java.lang.AssertionError">
            <message>
              <![CDATA[account is not registered expected [Your Account Has Been Created!] but found [Register Account]]]>
            </message>
            <full-stacktrace>
              <![CDATA[java.lang.AssertionError: account is not registered expected [Your Account Has Been Created!] but found [Register Account]
at org.testng.Assert.fail(Assert.java:111)
at org.testng.Assert.failNotEquals(Assert.java:1578)
at org.testng.Assert.assertEqualsImpl(Assert.java:150)
at org.testng.Assert.assertEquals(Assert.java:132)
at org.testng.Assert.assertEquals(Assert.java:656)
at com.web.automation.testcases.RegisterPageTestCases.registerAnAccount(RegisterPageTestCases.java:47)
at java.base/jdk.internal.reflect.DirectMethodHandleAccessor.invoke(DirectMethodHandleAccessor.java:104)
at java.base/java.lang.reflect.Method.invoke(Method.java:577)
at org.testng.internal.invokers.MethodInvocationHelper.invokeMethod(MethodInvocationHelper.java:139)
at org.testng.internal.invokers.TestInvoker.invokeMethod(TestInvoker.java:664)
at org.testng.internal.invokers.TestInvoker.invokeTestMethod(TestInvoker.java:228)
at org.testng.internal.invokers.MethodRunner.runInSequence(MethodRunner.java:63)
at org.testng.internal.invokers.TestInvoker$MethodInvocationAgent.invoke(TestInvoker.java:961)
at org.testng.internal.invokers.TestInvoker.invokeTestMethods(TestInvoker.java:201)
at org.testng.internal.invokers.TestMethodWorker.invokeTestMethods(TestMethodWorker.java:148)
at org.testng.internal.invokers.TestMethodWorker.run(TestMethodWorker.java:128)
at java.base/java.util.ArrayList.forEach(ArrayList.java:1511)
at org.testng.TestRunner.privateRun(TestRunner.java:819)
at org.testng.TestRunner.run(TestRunner.java:619)
at org.testng.SuiteRunner.runTest(SuiteRunner.java:443)
at org.testng.SuiteRunner.runSequentially(SuiteRunner.java:437)
at org.testng.SuiteRunner.privateRun(SuiteRunner.java:397)
at org.testng.SuiteRunner.run(SuiteRunner.java:336)
at org.testng.SuiteRunnerWorker.runSuite(SuiteRunnerWorker.java:52)
at org.testng.SuiteRunnerWorker.run(SuiteRunnerWorker.java:95)
at org.testng.TestNG.runSuitesSequentially(TestNG.java:1301)
at org.testng.TestNG.runSuitesLocally(TestNG.java:1228)
at org.testng.TestNG.runSuites(TestNG.java:1134)
at org.testng.TestNG.run(TestNG.java:1101)
at org.testng.remote.AbstractRemoteTestNG.run(AbstractRemoteTestNG.java:115)
at org.testng.remote.RemoteTestNG.initAndRun(RemoteTestNG.java:251)
at org.testng.remote.RemoteTestNG.main(RemoteTestNG.java:77)
]]>
            </full-stacktrace>
          </exception> <!-- java.lang.AssertionError -->
          <reporter-output>
          </reporter-output>
        </test-method> <!-- registerAnAccount -->
        <test-method is-config="true" signature="closeBrowser()[pri:0, instance:com.web.automation.testcases.RegisterPageTestCases@43bc63a3]" started-at="2024-07-28T10:37:36 IST" name="closeBrowser" finished-at="2024-07-28T10:37:36 IST" duration-ms="179" status="PASS">
          <reporter-output>
          </reporter-output>
        </test-method> <!-- closeBrowser -->
        <test-method is-config="true" signature="startBrowser()[pri:0, instance:com.web.automation.testcases.RegisterPageTestCases@43bc63a3]" started-at="2024-07-28T10:37:36 IST" name="startBrowser" finished-at="2024-07-28T10:37:38 IST" duration-ms="2131" status="PASS">
          <reporter-output>
          </reporter-output>
        </test-method> <!-- startBrowser -->
        <test-method signature="registerAnAccount(java.lang.String,java.lang.String,java.lang.String,java.lang.String,java.lang.String,java.lang.String,java.lang.String)[pri:2, instance:com.web.automation.testcases.RegisterPageTestCases@43bc63a3]" started-at="2024-07-28T10:37:38 IST" name="registerAnAccount" data-provider="Data" finished-at="2024-07-28T10:37:40 IST" duration-ms="1749" status="FAIL">
          <params>
            <param index="0">
              <value>
                <![CDATA[TesterRuby]]>
              </value>
            </param>
            <param index="1">
              <value>
                <![CDATA[T]]>
              </value>
            </param>
            <param index="2">
              <value>
                <![CDATA[TesterRuby@gmail.com]]>
              </value>
            </param>
            <param index="3">
              <value>
                <![CDATA[8876543210]]>
              </value>
            </param>
            <param index="4">
              <value>
                <![CDATA[123456789]]>
              </value>
            </param>
            <param index="5">
              <value>
                <![CDATA[123456789]]>
              </value>
            </param>
            <param index="6">
              <value>
                <![CDATA[no]]>
              </value>
            </param>
          </params>
          <exception class="java.lang.AssertionError">
            <message>
              <![CDATA[account is not registered expected [Your Account Has Been Created!] but found [Register Account]]]>
            </message>
            <full-stacktrace>
              <![CDATA[java.lang.AssertionError: account is not registered expected [Your Account Has Been Created!] but found [Register Account]
at org.testng.Assert.fail(Assert.java:111)
at org.testng.Assert.failNotEquals(Assert.java:1578)
at org.testng.Assert.assertEqualsImpl(Assert.java:150)
at org.testng.Assert.assertEquals(Assert.java:132)
at org.testng.Assert.assertEquals(Assert.java:656)
at com.web.automation.testcases.RegisterPageTestCases.registerAnAccount(RegisterPageTestCases.java:47)
at java.base/jdk.internal.reflect.DirectMethodHandleAccessor.invoke(DirectMethodHandleAccessor.java:104)
at java.base/java.lang.reflect.Method.invoke(Method.java:577)
at org.testng.internal.invokers.MethodInvocationHelper.invokeMethod(MethodInvocationHelper.java:139)
at org.testng.internal.invokers.TestInvoker.invokeMethod(TestInvoker.java:664)
at org.testng.internal.invokers.TestInvoker.invokeTestMethod(TestInvoker.java:228)
at org.testng.internal.invokers.MethodRunner.runInSequence(MethodRunner.java:63)
at org.testng.internal.invokers.TestInvoker$MethodInvocationAgent.invoke(TestInvoker.java:961)
at org.testng.internal.invokers.TestInvoker.invokeTestMethods(TestInvoker.java:201)
at org.testng.internal.invokers.TestMethodWorker.invokeTestMethods(TestMethodWorker.java:148)
at org.testng.internal.invokers.TestMethodWorker.run(TestMethodWorker.java:128)
at java.base/java.util.ArrayList.forEach(ArrayList.java:1511)
at org.testng.TestRunner.privateRun(TestRunner.java:819)
at org.testng.TestRunner.run(TestRunner.java:619)
at org.testng.SuiteRunner.runTest(SuiteRunner.java:443)
at org.testng.SuiteRunner.runSequentially(SuiteRunner.java:437)
at org.testng.SuiteRunner.privateRun(SuiteRunner.java:397)
at org.testng.SuiteRunner.run(SuiteRunner.java:336)
at org.testng.SuiteRunnerWorker.runSuite(SuiteRunnerWorker.java:52)
at org.testng.SuiteRunnerWorker.run(SuiteRunnerWorker.java:95)
at org.testng.TestNG.runSuitesSequentially(TestNG.java:1301)
at org.testng.TestNG.runSuitesLocally(TestNG.java:1228)
at org.testng.TestNG.runSuites(TestNG.java:1134)
at org.testng.TestNG.run(TestNG.java:1101)
at org.testng.remote.AbstractRemoteTestNG.run(AbstractRemoteTestNG.java:115)
at org.testng.remote.RemoteTestNG.initAndRun(RemoteTestNG.java:251)
at org.testng.remote.RemoteTestNG.main(RemoteTestNG.java:77)
]]>
            </full-stacktrace>
          </exception> <!-- java.lang.AssertionError -->
          <reporter-output>
          </reporter-output>
        </test-method> <!-- registerAnAccount -->
        <test-method is-config="true" signature="closeBrowser()[pri:0, instance:com.web.automation.testcases.RegisterPageTestCases@43bc63a3]" started-at="2024-07-28T10:37:40 IST" name="closeBrowser" finished-at="2024-07-28T10:37:40 IST" duration-ms="228" status="PASS">
          <reporter-output>
          </reporter-output>
        </test-method> <!-- closeBrowser -->
        <test-method is-config="true" signature="startBrowser()[pri:0, instance:com.web.automation.testcases.RegisterPageTestCases@43bc63a3]" started-at="2024-07-28T10:37:40 IST" name="startBrowser" finished-at="2024-07-28T10:37:42 IST" duration-ms="2156" status="PASS">
          <reporter-output>
          </reporter-output>
        </test-method> <!-- startBrowser -->
        <test-method signature="invalidRegisterAccount()[pri:3, instance:com.web.automation.testcases.RegisterPageTestCases@43bc63a3]" started-at="2024-07-28T10:37:42 IST" name="invalidRegisterAccount" finished-at="2024-07-28T10:37:43 IST" duration-ms="1083" status="PASS">
          <reporter-output>
          </reporter-output>
        </test-method> <!-- invalidRegisterAccount -->
        <test-method is-config="true" signature="closeBrowser()[pri:0, instance:com.web.automation.testcases.RegisterPageTestCases@43bc63a3]" started-at="2024-07-28T10:37:43 IST" name="closeBrowser" finished-at="2024-07-28T10:37:44 IST" duration-ms="183" status="PASS">
          <reporter-output>
          </reporter-output>
        </test-method> <!-- closeBrowser -->
        <test-method is-config="true" signature="startBrowser()[pri:0, instance:com.web.automation.testcases.RegisterPageTestCases@43bc63a3]" started-at="2024-07-28T10:37:44 IST" name="startBrowser" finished-at="2024-07-28T10:37:46 IST" duration-ms="2244" status="PASS">
          <reporter-output>
          </reporter-output>
        </test-method> <!-- startBrowser -->
        <test-method signature="registerWithAlreadyRegisteredEmail(java.lang.String,java.lang.String,java.lang.String,java.lang.String,java.lang.String,java.lang.String,java.lang.String)[pri:4, instance:com.web.automation.testcases.RegisterPageTestCases@43bc63a3]" started-at="2024-07-28T10:37:46 IST" name="registerWithAlreadyRegisteredEmail" data-provider="Data" finished-at="2024-07-28T10:37:47 IST" duration-ms="1594" status="PASS">
          <params>
            <param index="0">
              <value>
                <![CDATA[TesterVicky]]>
              </value>
            </param>
            <param index="1">
              <value>
                <![CDATA[M R]]>
              </value>
            </param>
            <param index="2">
              <value>
                <![CDATA[TesterVicky@gmail.com]]>
              </value>
            </param>
            <param index="3">
              <value>
                <![CDATA[9987654321]]>
              </value>
            </param>
            <param index="4">
              <value>
                <![CDATA[12345678]]>
              </value>
            </param>
            <param index="5">
              <value>
                <![CDATA[12345678]]>
              </value>
            </param>
            <param index="6">
              <value>
                <![CDATA[yes]]>
              </value>
            </param>
          </params>
          <reporter-output>
          </reporter-output>
        </test-method> <!-- registerWithAlreadyRegisteredEmail -->
        <test-method is-config="true" signature="closeBrowser()[pri:0, instance:com.web.automation.testcases.RegisterPageTestCases@43bc63a3]" started-at="2024-07-28T10:37:47 IST" name="closeBrowser" finished-at="2024-07-28T10:37:48 IST" duration-ms="202" status="PASS">
          <reporter-output>
          </reporter-output>
        </test-method> <!-- closeBrowser -->
        <test-method is-config="true" signature="startBrowser()[pri:0, instance:com.web.automation.testcases.RegisterPageTestCases@43bc63a3]" started-at="2024-07-28T10:37:48 IST" name="startBrowser" finished-at="2024-07-28T10:37:50 IST" duration-ms="2124" status="PASS">
          <reporter-output>
          </reporter-output>
        </test-method> <!-- startBrowser -->
        <test-method signature="registerWithAlreadyRegisteredEmail(java.lang.String,java.lang.String,java.lang.String,java.lang.String,java.lang.String,java.lang.String,java.lang.String)[pri:4, instance:com.web.automation.testcases.RegisterPageTestCases@43bc63a3]" started-at="2024-07-28T10:37:50 IST" name="registerWithAlreadyRegisteredEmail" data-provider="Data" finished-at="2024-07-28T10:37:51 IST" duration-ms="1701" status="PASS">
          <params>
            <param index="0">
              <value>
                <![CDATA[TesterRuby]]>
              </value>
            </param>
            <param index="1">
              <value>
                <![CDATA[T]]>
              </value>
            </param>
            <param index="2">
              <value>
                <![CDATA[TesterRuby@gmail.com]]>
              </value>
            </param>
            <param index="3">
              <value>
                <![CDATA[8876543210]]>
              </value>
            </param>
            <param index="4">
              <value>
                <![CDATA[123456789]]>
              </value>
            </param>
            <param index="5">
              <value>
                <![CDATA[123456789]]>
              </value>
            </param>
            <param index="6">
              <value>
                <![CDATA[no]]>
              </value>
            </param>
          </params>
          <reporter-output>
          </reporter-output>
        </test-method> <!-- registerWithAlreadyRegisteredEmail -->
        <test-method is-config="true" signature="closeBrowser()[pri:0, instance:com.web.automation.testcases.RegisterPageTestCases@43bc63a3]" started-at="2024-07-28T10:37:51 IST" name="closeBrowser" finished-at="2024-07-28T10:37:52 IST" duration-ms="257" status="PASS">
          <reporter-output>
          </reporter-output>
        </test-method> <!-- closeBrowser -->
      </class> <!-- com.web.automation.testcases.RegisterPageTestCases -->
      <class name="com.web.automation.testcases.LoginPageTestCases">
        <test-method is-config="true" signature="startBrowser()[pri:0, instance:com.web.automation.testcases.LoginPageTestCases@235834f2]" started-at="2024-07-28T10:37:04 IST" name="startBrowser" finished-at="2024-07-28T10:37:11 IST" duration-ms="7134" status="PASS">
          <reporter-output>
          </reporter-output>
        </test-method> <!-- startBrowser -->
        <test-method signature="navigateToCustomerLoginPage()[pri:1, instance:com.web.automation.testcases.LoginPageTestCases@235834f2]" started-at="2024-07-28T10:37:11 IST" name="navigateToCustomerLoginPage" finished-at="2024-07-28T10:37:12 IST" duration-ms="1133" status="PASS">
          <reporter-output>
          </reporter-output>
        </test-method> <!-- navigateToCustomerLoginPage -->
        <test-method is-config="true" signature="closeBrowser()[pri:0, instance:com.web.automation.testcases.LoginPageTestCases@235834f2]" started-at="2024-07-28T10:37:12 IST" name="closeBrowser" finished-at="2024-07-28T10:37:13 IST" duration-ms="694" status="PASS">
          <reporter-output>
          </reporter-output>
        </test-method> <!-- closeBrowser -->
        <test-method is-config="true" signature="startBrowser()[pri:0, instance:com.web.automation.testcases.LoginPageTestCases@235834f2]" started-at="2024-07-28T10:37:14 IST" name="startBrowser" finished-at="2024-07-28T10:37:16 IST" duration-ms="2095" status="PASS">
          <reporter-output>
          </reporter-output>
        </test-method> <!-- startBrowser -->
        <test-method signature="loginWithValidCredentials(java.lang.String,java.lang.String)[pri:2, instance:com.web.automation.testcases.LoginPageTestCases@235834f2]" started-at="2024-07-28T10:37:16 IST" name="loginWithValidCredentials" data-provider="Data" finished-at="2024-07-28T10:37:19 IST" duration-ms="2505" status="PASS">
          <params>
            <param index="0">
              <value>
                <![CDATA[Vickymr@gmail.com]]>
              </value>
            </param>
            <param index="1">
              <value>
                <![CDATA[12345678]]>
              </value>
            </param>
          </params>
          <reporter-output>
          </reporter-output>
        </test-method> <!-- loginWithValidCredentials -->
        <test-method is-config="true" signature="closeBrowser()[pri:0, instance:com.web.automation.testcases.LoginPageTestCases@235834f2]" started-at="2024-07-28T10:37:19 IST" name="closeBrowser" finished-at="2024-07-28T10:37:19 IST" duration-ms="427" status="PASS">
          <reporter-output>
          </reporter-output>
        </test-method> <!-- closeBrowser -->
        <test-method is-config="true" signature="startBrowser()[pri:0, instance:com.web.automation.testcases.LoginPageTestCases@235834f2]" started-at="2024-07-28T10:37:19 IST" name="startBrowser" finished-at="2024-07-28T10:37:22 IST" duration-ms="2477" status="PASS">
          <reporter-output>
          </reporter-output>
        </test-method> <!-- startBrowser -->
        <test-method signature="loginWithInValidCredentials(java.lang.String,java.lang.String)[pri:3, instance:com.web.automation.testcases.LoginPageTestCases@235834f2]" started-at="2024-07-28T10:37:22 IST" name="loginWithInValidCredentials" data-provider="Data" finished-at="2024-07-28T10:37:23 IST" duration-ms="1077" status="PASS">
          <params>
            <param index="0">
              <value>
                <![CDATA[Vickymr1@gmail.com]]>
              </value>
            </param>
            <param index="1">
              <value>
                <![CDATA[qwerty12345678]]>
              </value>
            </param>
          </params>
          <reporter-output>
          </reporter-output>
        </test-method> <!-- loginWithInValidCredentials -->
        <test-method is-config="true" signature="closeBrowser()[pri:0, instance:com.web.automation.testcases.LoginPageTestCases@235834f2]" started-at="2024-07-28T10:37:23 IST" name="closeBrowser" finished-at="2024-07-28T10:37:23 IST" duration-ms="169" status="PASS">
          <reporter-output>
          </reporter-output>
        </test-method> <!-- closeBrowser -->
        <test-method is-config="true" signature="startBrowser()[pri:0, instance:com.web.automation.testcases.LoginPageTestCases@235834f2]" started-at="2024-07-28T10:37:23 IST" name="startBrowser" finished-at="2024-07-28T10:37:25 IST" duration-ms="2136" status="PASS">
          <reporter-output>
          </reporter-output>
        </test-method> <!-- startBrowser -->
        <test-method signature="loginWithEmptyCredentials()[pri:4, instance:com.web.automation.testcases.LoginPageTestCases@235834f2]" started-at="2024-07-28T10:37:25 IST" name="loginWithEmptyCredentials" finished-at="2024-07-28T10:37:26 IST" duration-ms="880" status="PASS">
          <reporter-output>
          </reporter-output>
        </test-method> <!-- loginWithEmptyCredentials -->
        <test-method is-config="true" signature="closeBrowser()[pri:0, instance:com.web.automation.testcases.LoginPageTestCases@235834f2]" started-at="2024-07-28T10:37:26 IST" name="closeBrowser" finished-at="2024-07-28T10:37:26 IST" duration-ms="164" status="PASS">
          <reporter-output>
          </reporter-output>
        </test-method> <!-- closeBrowser -->
        <test-method is-config="true" signature="startBrowser()[pri:0, instance:com.web.automation.testcases.LoginPageTestCases@235834f2]" started-at="2024-07-28T10:37:26 IST" name="startBrowser" finished-at="2024-07-28T10:37:28 IST" duration-ms="2136" status="PASS">
          <reporter-output>
          </reporter-output>
        </test-method> <!-- startBrowser -->
        <test-method signature="forgotPasswordWithValidEmail()[pri:5, instance:com.web.automation.testcases.LoginPageTestCases@235834f2]" started-at="2024-07-28T10:37:28 IST" name="forgotPasswordWithValidEmail" finished-at="2024-07-28T10:37:29 IST" duration-ms="744" status="PASS">
          <reporter-output>
          </reporter-output>
        </test-method> <!-- forgotPasswordWithValidEmail -->
        <test-method is-config="true" signature="closeBrowser()[pri:0, instance:com.web.automation.testcases.LoginPageTestCases@235834f2]" started-at="2024-07-28T10:37:29 IST" name="closeBrowser" finished-at="2024-07-28T10:37:29 IST" duration-ms="199" status="PASS">
          <reporter-output>
          </reporter-output>
        </test-method> <!-- closeBrowser -->
      </class> <!-- com.web.automation.testcases.LoginPageTestCases -->
    </test> <!-- Test -->
  </suite> <!-- Suite -->
</testng-results>
