<?xml version="1.0" encoding="UTF-8"?>
<testng-results ignored="0" total="13" passed="11" failed="2" skipped="0">
  <reporter-output>
  </reporter-output>
  <suite started-at="2024-10-14T21:40:04 IST" name="Suite" finished-at="2024-10-14T21:40:52 IST" duration-ms="47455">
    <groups>
    </groups>
    <test started-at="2024-10-14T21:40:04 IST" name="Test" finished-at="2024-10-14T21:40:52 IST" duration-ms="47455">
      <class name="com.web.automation.testcases.RegisterPageTestCases">
        <test-method is-config="true" signature="startBrowser()[pri:0, instance:com.web.automation.testcases.RegisterPageTestCases@5542c4ed]" started-at="2024-10-14T21:40:20 IST" name="startBrowser" finished-at="2024-10-14T21:40:22 IST" duration-ms="1917" status="PASS">
          <reporter-output>
          </reporter-output>
        </test-method> <!-- startBrowser -->
        <test-method signature="navigateToCustomerRegisterPage()[pri:1, instance:com.web.automation.testcases.RegisterPageTestCases@5542c4ed]" started-at="2024-10-14T21:40:22 IST" name="navigateToCustomerRegisterPage" finished-at="2024-10-14T21:40:22 IST" duration-ms="386" status="PASS">
          <reporter-output>
          </reporter-output>
        </test-method> <!-- navigateToCustomerRegisterPage -->
        <test-method is-config="true" signature="closeBrowser()[pri:0, instance:com.web.automation.testcases.RegisterPageTestCases@5542c4ed]" started-at="2024-10-14T21:40:22 IST" name="closeBrowser" finished-at="2024-10-14T21:40:22 IST" duration-ms="164" status="PASS">
          <reporter-output>
          </reporter-output>
        </test-method> <!-- closeBrowser -->
        <test-method is-config="true" signature="startBrowser()[pri:0, instance:com.web.automation.testcases.RegisterPageTestCases@5542c4ed]" started-at="2024-10-14T21:40:22 IST" name="startBrowser" finished-at="2024-10-14T21:40:25 IST" duration-ms="2115" status="PASS">
          <reporter-output>
          </reporter-output>
        </test-method> <!-- startBrowser -->
        <test-method signature="registerAnAccount(java.lang.String,java.lang.String,java.lang.String,java.lang.String,java.lang.String,java.lang.String,java.lang.String)[pri:2, instance:com.web.automation.testcases.RegisterPageTestCases@5542c4ed]" started-at="2024-10-14T21:40:25 IST" name="registerAnAccount" data-provider="dataProvider" finished-at="2024-10-14T21:40:26 IST" duration-ms="1456" status="FAIL">
          <params>
            <param index="0">
              <value>
                <![CDATA[TesterVicky]]>
              </value>
            </param>
            <param index="1">
              <value>
                <![CDATA[M R]]>
              </value>
            </param>
            <param index="2">
              <value>
                <![CDATA[TesterVicky@gmail.com]]>
              </value>
            </param>
            <param index="3">
              <value>
                <![CDATA[9987654321]]>
              </value>
            </param>
            <param index="4">
              <value>
                <![CDATA[12345678]]>
              </value>
            </param>
            <param index="5">
              <value>
                <![CDATA[12345678]]>
              </value>
            </param>
            <param index="6">
              <value>
                <![CDATA[yes]]>
              </value>
            </param>
          </params>
          <exception class="java.lang.AssertionError">
            <message>
              <![CDATA[account is not registered expected [Your Account Has Been Created!] but found [Register Account]]]>
            </message>
            <full-stacktrace>
              <![CDATA[java.lang.AssertionError: account is not registered expected [Your Account Has Been Created!] but found [Register Account]
at org.testng.Assert.fail(Assert.java:111)
at org.testng.Assert.failNotEquals(Assert.java:1578)
at org.testng.Assert.assertEqualsImpl(Assert.java:150)
at org.testng.Assert.assertEquals(Assert.java:132)
at org.testng.Assert.assertEquals(Assert.java:656)
at com.web.automation.testcases.RegisterPageTestCases.registerAnAccount(RegisterPageTestCases.java:47)
at java.base/jdk.internal.reflect.DirectMethodHandleAccessor.invoke(DirectMethodHandleAccessor.java:104)
at java.base/java.lang.reflect.Method.invoke(Method.java:577)
at org.testng.internal.invokers.MethodInvocationHelper.invokeMethod(MethodInvocationHelper.java:141)
at org.testng.internal.invokers.TestInvoker.invokeMethod(TestInvoker.java:686)
at org.testng.internal.invokers.TestInvoker.invokeTestMethod(TestInvoker.java:230)
at org.testng.internal.invokers.MethodRunner.runInSequence(MethodRunner.java:63)
at org.testng.internal.invokers.TestInvoker$MethodInvocationAgent.invoke(TestInvoker.java:992)
at org.testng.internal.invokers.TestInvoker.invokeTestMethods(TestInvoker.java:203)
at org.testng.internal.invokers.TestMethodWorker.invokeTestMethods(TestMethodWorker.java:154)
at org.testng.internal.invokers.TestMethodWorker.run(TestMethodWorker.java:134)
at java.base/java.util.ArrayList.forEach(ArrayList.java:1511)
at org.testng.TestRunner.privateRun(TestRunner.java:739)
at org.testng.TestRunner.run(TestRunner.java:614)
at org.testng.SuiteRunner.runTest(SuiteRunner.java:421)
at org.testng.SuiteRunner.runSequentially(SuiteRunner.java:413)
at org.testng.SuiteRunner.privateRun(SuiteRunner.java:373)
at org.testng.SuiteRunner.run(SuiteRunner.java:312)
at org.testng.SuiteRunnerWorker.runSuite(SuiteRunnerWorker.java:52)
at org.testng.SuiteRunnerWorker.run(SuiteRunnerWorker.java:95)
at org.testng.TestNG.runSuitesSequentially(TestNG.java:1274)
at org.testng.TestNG.runSuitesLocally(TestNG.java:1208)
at org.testng.TestNG.runSuites(TestNG.java:1112)
at org.testng.TestNG.run(TestNG.java:1079)
at org.testng.remote.AbstractRemoteTestNG.run(AbstractRemoteTestNG.java:115)
at org.testng.remote.RemoteTestNG.initAndRun(RemoteTestNG.java:293)
at org.testng.remote.RemoteTestNG.main(RemoteTestNG.java:91)
]]>
            </full-stacktrace>
          </exception> <!-- java.lang.AssertionError -->
          <reporter-output>
          </reporter-output>
        </test-method> <!-- registerAnAccount -->
        <test-method is-config="true" signature="closeBrowser()[pri:0, instance:com.web.automation.testcases.RegisterPageTestCases@5542c4ed]" started-at="2024-10-14T21:40:26 IST" name="closeBrowser" finished-at="2024-10-14T21:40:26 IST" duration-ms="141" status="PASS">
          <reporter-output>
          </reporter-output>
        </test-method> <!-- closeBrowser -->
        <test-method is-config="true" signature="startBrowser()[pri:0, instance:com.web.automation.testcases.RegisterPageTestCases@5542c4ed]" started-at="2024-10-14T21:40:26 IST" name="startBrowser" finished-at="2024-10-14T21:40:28 IST" duration-ms="1946" status="PASS">
          <reporter-output>
          </reporter-output>
        </test-method> <!-- startBrowser -->
        <test-method signature="registerAnAccount(java.lang.String,java.lang.String,java.lang.String,java.lang.String,java.lang.String,java.lang.String,java.lang.String)[pri:2, instance:com.web.automation.testcases.RegisterPageTestCases@5542c4ed]" started-at="2024-10-14T21:40:28 IST" name="registerAnAccount" data-provider="dataProvider" finished-at="2024-10-14T21:40:29 IST" duration-ms="1198" status="FAIL">
          <params>
            <param index="0">
              <value>
                <![CDATA[TesterRuby]]>
              </value>
            </param>
            <param index="1">
              <value>
                <![CDATA[T]]>
              </value>
            </param>
            <param index="2">
              <value>
                <![CDATA[TesterRuby@gmail.com]]>
              </value>
            </param>
            <param index="3">
              <value>
                <![CDATA[8876543210]]>
              </value>
            </param>
            <param index="4">
              <value>
                <![CDATA[123456789]]>
              </value>
            </param>
            <param index="5">
              <value>
                <![CDATA[123456789]]>
              </value>
            </param>
            <param index="6">
              <value>
                <![CDATA[no]]>
              </value>
            </param>
          </params>
          <exception class="java.lang.AssertionError">
            <message>
              <![CDATA[account is not registered expected [Your Account Has Been Created!] but found [Register Account]]]>
            </message>
            <full-stacktrace>
              <![CDATA[java.lang.AssertionError: account is not registered expected [Your Account Has Been Created!] but found [Register Account]
at org.testng.Assert.fail(Assert.java:111)
at org.testng.Assert.failNotEquals(Assert.java:1578)
at org.testng.Assert.assertEqualsImpl(Assert.java:150)
at org.testng.Assert.assertEquals(Assert.java:132)
at org.testng.Assert.assertEquals(Assert.java:656)
at com.web.automation.testcases.RegisterPageTestCases.registerAnAccount(RegisterPageTestCases.java:47)
at java.base/jdk.internal.reflect.DirectMethodHandleAccessor.invoke(DirectMethodHandleAccessor.java:104)
at java.base/java.lang.reflect.Method.invoke(Method.java:577)
at org.testng.internal.invokers.MethodInvocationHelper.invokeMethod(MethodInvocationHelper.java:141)
at org.testng.internal.invokers.TestInvoker.invokeMethod(TestInvoker.java:686)
at org.testng.internal.invokers.TestInvoker.invokeTestMethod(TestInvoker.java:230)
at org.testng.internal.invokers.MethodRunner.runInSequence(MethodRunner.java:63)
at org.testng.internal.invokers.TestInvoker$MethodInvocationAgent.invoke(TestInvoker.java:992)
at org.testng.internal.invokers.TestInvoker.invokeTestMethods(TestInvoker.java:203)
at org.testng.internal.invokers.TestMethodWorker.invokeTestMethods(TestMethodWorker.java:154)
at org.testng.internal.invokers.TestMethodWorker.run(TestMethodWorker.java:134)
at java.base/java.util.ArrayList.forEach(ArrayList.java:1511)
at org.testng.TestRunner.privateRun(TestRunner.java:739)
at org.testng.TestRunner.run(TestRunner.java:614)
at org.testng.SuiteRunner.runTest(SuiteRunner.java:421)
at org.testng.SuiteRunner.runSequentially(SuiteRunner.java:413)
at org.testng.SuiteRunner.privateRun(SuiteRunner.java:373)
at org.testng.SuiteRunner.run(SuiteRunner.java:312)
at org.testng.SuiteRunnerWorker.runSuite(SuiteRunnerWorker.java:52)
at org.testng.SuiteRunnerWorker.run(SuiteRunnerWorker.java:95)
at org.testng.TestNG.runSuitesSequentially(TestNG.java:1274)
at org.testng.TestNG.runSuitesLocally(TestNG.java:1208)
at org.testng.TestNG.runSuites(TestNG.java:1112)
at org.testng.TestNG.run(TestNG.java:1079)
at org.testng.remote.AbstractRemoteTestNG.run(AbstractRemoteTestNG.java:115)
at org.testng.remote.RemoteTestNG.initAndRun(RemoteTestNG.java:293)
at org.testng.remote.RemoteTestNG.main(RemoteTestNG.java:91)
]]>
            </full-stacktrace>
          </exception> <!-- java.lang.AssertionError -->
          <reporter-output>
          </reporter-output>
        </test-method> <!-- registerAnAccount -->
        <test-method is-config="true" signature="closeBrowser()[pri:0, instance:com.web.automation.testcases.RegisterPageTestCases@5542c4ed]" started-at="2024-10-14T21:40:30 IST" name="closeBrowser" finished-at="2024-10-14T21:40:30 IST" duration-ms="161" status="PASS">
          <reporter-output>
          </reporter-output>
        </test-method> <!-- closeBrowser -->
        <test-method is-config="true" signature="startBrowser()[pri:0, instance:com.web.automation.testcases.RegisterPageTestCases@5542c4ed]" started-at="2024-10-14T21:40:30 IST" name="startBrowser" finished-at="2024-10-14T21:40:32 IST" duration-ms="2004" status="PASS">
          <reporter-output>
          </reporter-output>
        </test-method> <!-- startBrowser -->
        <test-method signature="invalidRegisterAccount()[pri:3, instance:com.web.automation.testcases.RegisterPageTestCases@5542c4ed]" started-at="2024-10-14T21:40:32 IST" name="invalidRegisterAccount" finished-at="2024-10-14T21:40:33 IST" duration-ms="784" status="PASS">
          <reporter-output>
          </reporter-output>
        </test-method> <!-- invalidRegisterAccount -->
        <test-method is-config="true" signature="closeBrowser()[pri:0, instance:com.web.automation.testcases.RegisterPageTestCases@5542c4ed]" started-at="2024-10-14T21:40:33 IST" name="closeBrowser" finished-at="2024-10-14T21:40:33 IST" duration-ms="143" status="PASS">
          <reporter-output>
          </reporter-output>
        </test-method> <!-- closeBrowser -->
        <test-method is-config="true" signature="startBrowser()[pri:0, instance:com.web.automation.testcases.RegisterPageTestCases@5542c4ed]" started-at="2024-10-14T21:40:33 IST" name="startBrowser" finished-at="2024-10-14T21:40:36 IST" duration-ms="2933" status="PASS">
          <reporter-output>
          </reporter-output>
        </test-method> <!-- startBrowser -->
        <test-method signature="registerWithAlreadyRegisteredEmail(java.lang.String,java.lang.String,java.lang.String,java.lang.String,java.lang.String,java.lang.String,java.lang.String)[pri:4, instance:com.web.automation.testcases.RegisterPageTestCases@5542c4ed]" started-at="2024-10-14T21:40:36 IST" name="registerWithAlreadyRegisteredEmail" data-provider="dataProvider" finished-at="2024-10-14T21:40:37 IST" duration-ms="1410" status="PASS">
          <params>
            <param index="0">
              <value>
                <![CDATA[TesterVicky]]>
              </value>
            </param>
            <param index="1">
              <value>
                <![CDATA[M R]]>
              </value>
            </param>
            <param index="2">
              <value>
                <![CDATA[TesterVicky@gmail.com]]>
              </value>
            </param>
            <param index="3">
              <value>
                <![CDATA[9987654321]]>
              </value>
            </param>
            <param index="4">
              <value>
                <![CDATA[12345678]]>
              </value>
            </param>
            <param index="5">
              <value>
                <![CDATA[12345678]]>
              </value>
            </param>
            <param index="6">
              <value>
                <![CDATA[yes]]>
              </value>
            </param>
          </params>
          <reporter-output>
          </reporter-output>
        </test-method> <!-- registerWithAlreadyRegisteredEmail -->
        <test-method is-config="true" signature="closeBrowser()[pri:0, instance:com.web.automation.testcases.RegisterPageTestCases@5542c4ed]" started-at="2024-10-14T21:40:37 IST" name="closeBrowser" finished-at="2024-10-14T21:40:37 IST" duration-ms="167" status="PASS">
          <reporter-output>
          </reporter-output>
        </test-method> <!-- closeBrowser -->
        <test-method is-config="true" signature="startBrowser()[pri:0, instance:com.web.automation.testcases.RegisterPageTestCases@5542c4ed]" started-at="2024-10-14T21:40:37 IST" name="startBrowser" finished-at="2024-10-14T21:40:39 IST" duration-ms="1980" status="PASS">
          <reporter-output>
          </reporter-output>
        </test-method> <!-- startBrowser -->
        <test-method signature="registerWithAlreadyRegisteredEmail(java.lang.String,java.lang.String,java.lang.String,java.lang.String,java.lang.String,java.lang.String,java.lang.String)[pri:4, instance:com.web.automation.testcases.RegisterPageTestCases@5542c4ed]" started-at="2024-10-14T21:40:39 IST" name="registerWithAlreadyRegisteredEmail" data-provider="dataProvider" finished-at="2024-10-14T21:40:41 IST" duration-ms="1256" status="PASS">
          <params>
            <param index="0">
              <value>
                <![CDATA[TesterRuby]]>
              </value>
            </param>
            <param index="1">
              <value>
                <![CDATA[T]]>
              </value>
            </param>
            <param index="2">
              <value>
                <![CDATA[TesterRuby@gmail.com]]>
              </value>
            </param>
            <param index="3">
              <value>
                <![CDATA[8876543210]]>
              </value>
            </param>
            <param index="4">
              <value>
                <![CDATA[123456789]]>
              </value>
            </param>
            <param index="5">
              <value>
                <![CDATA[123456789]]>
              </value>
            </param>
            <param index="6">
              <value>
                <![CDATA[no]]>
              </value>
            </param>
          </params>
          <reporter-output>
          </reporter-output>
        </test-method> <!-- registerWithAlreadyRegisteredEmail -->
        <test-method is-config="true" signature="closeBrowser()[pri:0, instance:com.web.automation.testcases.RegisterPageTestCases@5542c4ed]" started-at="2024-10-14T21:40:41 IST" name="closeBrowser" finished-at="2024-10-14T21:40:41 IST" duration-ms="152" status="PASS">
          <reporter-output>
          </reporter-output>
        </test-method> <!-- closeBrowser -->
      </class> <!-- com.web.automation.testcases.RegisterPageTestCases -->
      <class name="com.web.automation.testcases.SearchItemTestCases">
        <test-method is-config="true" signature="startBrowser()[pri:0, instance:com.web.automation.testcases.SearchItemTestCases@1573f9fc]" started-at="2024-10-14T21:40:41 IST" name="startBrowser" finished-at="2024-10-14T21:40:43 IST" duration-ms="1850" status="PASS">
          <reporter-output>
          </reporter-output>
        </test-method> <!-- startBrowser -->
        <test-method signature="verifyTheItemFiltered(java.lang.String)[pri:0, instance:com.web.automation.testcases.SearchItemTestCases@1573f9fc]" started-at="2024-10-14T21:40:43 IST" name="verifyTheItemFiltered" data-provider="dataProvider" finished-at="2024-10-14T21:40:46 IST" duration-ms="3423" status="PASS">
          <params>
            <param index="0">
              <value>
                <![CDATA[Mac]]>
              </value>
            </param>
          </params>
          <reporter-output>
          </reporter-output>
        </test-method> <!-- verifyTheItemFiltered -->
        <test-method is-config="true" signature="closeBrowser()[pri:0, instance:com.web.automation.testcases.SearchItemTestCases@1573f9fc]" started-at="2024-10-14T21:40:46 IST" name="closeBrowser" finished-at="2024-10-14T21:40:46 IST" duration-ms="233" status="PASS">
          <reporter-output>
          </reporter-output>
        </test-method> <!-- closeBrowser -->
        <test-method is-config="true" signature="startBrowser()[pri:0, instance:com.web.automation.testcases.SearchItemTestCases@1573f9fc]" started-at="2024-10-14T21:40:46 IST" name="startBrowser" finished-at="2024-10-14T21:40:48 IST" duration-ms="1853" status="PASS">
          <reporter-output>
          </reporter-output>
        </test-method> <!-- startBrowser -->
        <test-method signature="verifyTheItemFiltered(java.lang.String)[pri:0, instance:com.web.automation.testcases.SearchItemTestCases@1573f9fc]" started-at="2024-10-14T21:40:48 IST" name="verifyTheItemFiltered" data-provider="dataProvider" finished-at="2024-10-14T21:40:51 IST" duration-ms="3407" status="PASS">
          <params>
            <param index="0">
              <value>
                <![CDATA[HP]]>
              </value>
            </param>
          </params>
          <reporter-output>
          </reporter-output>
        </test-method> <!-- verifyTheItemFiltered -->
        <test-method is-config="true" signature="closeBrowser()[pri:0, instance:com.web.automation.testcases.SearchItemTestCases@1573f9fc]" started-at="2024-10-14T21:40:51 IST" name="closeBrowser" finished-at="2024-10-14T21:40:52 IST" duration-ms="165" status="PASS">
          <reporter-output>
          </reporter-output>
        </test-method> <!-- closeBrowser -->
      </class> <!-- com.web.automation.testcases.SearchItemTestCases -->
      <class name="com.web.automation.testcases.LoginPageTestCases">
        <test-method is-config="true" signature="startBrowser()[pri:0, instance:com.web.automation.testcases.LoginPageTestCases@3590fc5b]" started-at="2024-10-14T21:40:04 IST" name="startBrowser" finished-at="2024-10-14T21:40:07 IST" duration-ms="2322" status="PASS">
          <reporter-output>
          </reporter-output>
        </test-method> <!-- startBrowser -->
        <test-method signature="navigateToCustomerLoginPage()[pri:1, instance:com.web.automation.testcases.LoginPageTestCases@3590fc5b]" started-at="2024-10-14T21:40:07 IST" name="navigateToCustomerLoginPage" finished-at="2024-10-14T21:40:07 IST" duration-ms="330" status="PASS">
          <reporter-output>
          </reporter-output>
        </test-method> <!-- navigateToCustomerLoginPage -->
        <test-method is-config="true" signature="closeBrowser()[pri:0, instance:com.web.automation.testcases.LoginPageTestCases@3590fc5b]" started-at="2024-10-14T21:40:07 IST" name="closeBrowser" finished-at="2024-10-14T21:40:07 IST" duration-ms="203" status="PASS">
          <reporter-output>
          </reporter-output>
        </test-method> <!-- closeBrowser -->
        <test-method is-config="true" signature="startBrowser()[pri:0, instance:com.web.automation.testcases.LoginPageTestCases@3590fc5b]" started-at="2024-10-14T21:40:08 IST" name="startBrowser" finished-at="2024-10-14T21:40:10 IST" duration-ms="1940" status="PASS">
          <reporter-output>
          </reporter-output>
        </test-method> <!-- startBrowser -->
        <test-method signature="loginWithValidCredentials(java.lang.String,java.lang.String)[pri:2, instance:com.web.automation.testcases.LoginPageTestCases@3590fc5b]" started-at="2024-10-14T21:40:10 IST" name="loginWithValidCredentials" data-provider="dataProvider" finished-at="2024-10-14T21:40:11 IST" duration-ms="995" status="PASS">
          <params>
            <param index="0">
              <value>
                <![CDATA[Vickymr@gmail.com]]>
              </value>
            </param>
            <param index="1">
              <value>
                <![CDATA[12345678]]>
              </value>
            </param>
          </params>
          <reporter-output>
          </reporter-output>
        </test-method> <!-- loginWithValidCredentials -->
        <test-method is-config="true" signature="closeBrowser()[pri:0, instance:com.web.automation.testcases.LoginPageTestCases@3590fc5b]" started-at="2024-10-14T21:40:11 IST" name="closeBrowser" finished-at="2024-10-14T21:40:11 IST" duration-ms="140" status="PASS">
          <reporter-output>
          </reporter-output>
        </test-method> <!-- closeBrowser -->
        <test-method is-config="true" signature="startBrowser()[pri:0, instance:com.web.automation.testcases.LoginPageTestCases@3590fc5b]" started-at="2024-10-14T21:40:11 IST" name="startBrowser" finished-at="2024-10-14T21:40:13 IST" duration-ms="2534" status="PASS">
          <reporter-output>
          </reporter-output>
        </test-method> <!-- startBrowser -->
        <test-method signature="loginWithInValidCredentials(java.lang.String,java.lang.String)[pri:3, instance:com.web.automation.testcases.LoginPageTestCases@3590fc5b]" started-at="2024-10-14T21:40:13 IST" name="loginWithInValidCredentials" data-provider="dataProvider" finished-at="2024-10-14T21:40:14 IST" duration-ms="885" status="PASS">
          <params>
            <param index="0">
              <value>
                <![CDATA[Vickymr1@gmail.com]]>
              </value>
            </param>
            <param index="1">
              <value>
                <![CDATA[qwerty12345678]]>
              </value>
            </param>
          </params>
          <reporter-output>
          </reporter-output>
        </test-method> <!-- loginWithInValidCredentials -->
        <test-method is-config="true" signature="closeBrowser()[pri:0, instance:com.web.automation.testcases.LoginPageTestCases@3590fc5b]" started-at="2024-10-14T21:40:14 IST" name="closeBrowser" finished-at="2024-10-14T21:40:14 IST" duration-ms="150" status="PASS">
          <reporter-output>
          </reporter-output>
        </test-method> <!-- closeBrowser -->
        <test-method is-config="true" signature="startBrowser()[pri:0, instance:com.web.automation.testcases.LoginPageTestCases@3590fc5b]" started-at="2024-10-14T21:40:14 IST" name="startBrowser" finished-at="2024-10-14T21:40:16 IST" duration-ms="1995" status="PASS">
          <reporter-output>
          </reporter-output>
        </test-method> <!-- startBrowser -->
        <test-method signature="loginWithEmptyCredentials()[pri:4, instance:com.web.automation.testcases.LoginPageTestCases@3590fc5b]" started-at="2024-10-14T21:40:16 IST" name="loginWithEmptyCredentials" finished-at="2024-10-14T21:40:17 IST" duration-ms="744" status="PASS">
          <reporter-output>
          </reporter-output>
        </test-method> <!-- loginWithEmptyCredentials -->
        <test-method is-config="true" signature="closeBrowser()[pri:0, instance:com.web.automation.testcases.LoginPageTestCases@3590fc5b]" started-at="2024-10-14T21:40:17 IST" name="closeBrowser" finished-at="2024-10-14T21:40:17 IST" duration-ms="169" status="PASS">
          <reporter-output>
          </reporter-output>
        </test-method> <!-- closeBrowser -->
        <test-method is-config="true" signature="startBrowser()[pri:0, instance:com.web.automation.testcases.LoginPageTestCases@3590fc5b]" started-at="2024-10-14T21:40:17 IST" name="startBrowser" finished-at="2024-10-14T21:40:19 IST" duration-ms="1898" status="PASS">
          <reporter-output>
          </reporter-output>
        </test-method> <!-- startBrowser -->
        <test-method signature="forgotPasswordWithValidEmail()[pri:5, instance:com.web.automation.testcases.LoginPageTestCases@3590fc5b]" started-at="2024-10-14T21:40:19 IST" name="forgotPasswordWithValidEmail" finished-at="2024-10-14T21:40:20 IST" duration-ms="533" status="PASS">
          <reporter-output>
          </reporter-output>
        </test-method> <!-- forgotPasswordWithValidEmail -->
        <test-method is-config="true" signature="closeBrowser()[pri:0, instance:com.web.automation.testcases.LoginPageTestCases@3590fc5b]" started-at="2024-10-14T21:40:20 IST" name="closeBrowser" finished-at="2024-10-14T21:40:20 IST" duration-ms="175" status="PASS">
          <reporter-output>
          </reporter-output>
        </test-method> <!-- closeBrowser -->
      </class> <!-- com.web.automation.testcases.LoginPageTestCases -->
    </test> <!-- Test -->
  </suite> <!-- Suite -->
</testng-results>
